Last login: Tue Mar  3 23:29:08 on ttys002
nur@Nurs-MacBook-Pro ~ % sudo nano /usr/local/etc/nginx/servers/my_api
Password:
nur@Nurs-MacBook-Pro ~ % sudo mkdir -p /usr/local/etc/nginx/servers
nur@Nurs-MacBook-Pro ~ % sudo nano /usr/local/etc/nginx/servers/my_api
nur@Nurs-MacBook-Pro ~ % sudo nginx -t
nginx: the configuration file /opt/homebrew/etc/nginx/nginx.conf syntax is ok
nginx: configuration file /opt/homebrew/etc/nginx/nginx.conf test is successful
nur@Nurs-MacBook-Pro ~ % sudo nginx
nginx: [emerg] bind() to 0.0.0.0:8080 failed (48: Address already in use)
nginx: [emerg] bind() to 0.0.0.0:8080 failed (48: Address already in use)
nginx: [emerg] bind() to 0.0.0.0:8080 failed (48: Address already in use)
nginx: [emerg] bind() to 0.0.0.0:8080 failed (48: Address already in use)
nginx: [emerg] bind() to 0.0.0.0:8080 failed (48: Address already in use)
nginx: [emerg] still could not bind()
nur@Nurs-MacBook-Pro ~ % lsof -i :8080
COMMAND   PID                  USER   FD   TYPE             DEVICE SIZE/OFF NODE NAME
nginx   16997 nur    6u  IPv4 0x291ed05b85934ada      0t0  TCP *:http-alt (LISTEN)
nginx   17000 nur    6u  IPv4 0x291ed05b85934ada      0t0  TCP *:http-alt (LISTEN)
nur@Nurs-MacBook-Pro ~ % sudo nginx -s stop
nur@Nurs-MacBook-Pro ~ % lsof -i :8080
nur@Nurs-MacBook-Pro ~ % sudo nginx
nur@Nurs-MacBook-Pro ~ % curl http://localhost:8080
<!DOCTYPE html>
<html>
<head>
<title>Welcome to nginx!</title>
<style>
html { color-scheme: light dark; }
body { width: 35em; margin: 0 auto;
font-family: Tahoma, Verdana, Arial, sans-serif; }
</style>
</head>
<body>
<h1>Welcome to nginx!</h1>
<p>If you see this page, the nginx web server is successfully installed and
working. Further configuration is required.</p>

<p>For online documentation and support please refer to
<a href="http://nginx.org/">nginx.org</a>.<br/>
Commercial support is available at
<a href="http://nginx.com/">nginx.com</a>.</p>

<p><em>Thank you for using nginx.</em></p>
</body>
</html>
nur@Nurs-MacBook-Pro ~ % script lab10_nginx.txt
Script started, output file is lab10_nginx.txt
nur@Nurs-MacBook-Pro ~ % sudo mkdir -p /opt/homebrew/etc/nginx/servers
Password:
nur@Nurs-MacBook-Pro ~ % sudo nano /opt/homebrew/etc/nginx/servers/my_api
nur@Nurs-MacBook-Pro ~ % sudo nginx -t
nginx: [warn] conflicting server name "localhost" on 0.0.0.0:8080, ignored
nginx: the configuration file /opt/homebrew/etc/nginx/nginx.conf syntax is ok
nginx: configuration file /opt/homebrew/etc/nginx/nginx.conf test is successful
nur@Nurs-MacBook-Pro ~ % sudo nginx -s stop
nginx: [warn] conflicting server name "localhost" on 0.0.0.0:8080, ignored
nur@Nurs-MacBook-Pro ~ % sudo nginx
nginx: [warn] conflicting server name "localhost" on 0.0.0.0:8080, ignored
nur@Nurs-MacBook-Pro ~ % sudo nginx -s reload
nginx: [warn] conflicting server name "localhost" on 0.0.0.0:8080, ignored
nur@Nurs-MacBook-Pro ~ % lsof -i :8080
nur@Nurs-MacBook-Pro ~ % lsof -i :5000

COMMAND     PID                  USER   FD   TYPE             DEVICE SIZE/OFF NODE NAME
ControlCe   632 nur   11u  IPv4  0xf8a87bcd262ec83      0t0  TCP *:commplex-main (LISTEN)
ControlCe   632 nur   12u  IPv6 0xc90012a37b5e2450      0t0  TCP *:commplex-main (LISTEN)
Python    19053 nur    3u  IPv4 0x1c488f2724b43140      0t0  TCP localhost:commplex-main (LISTEN)
nur@Nurs-MacBook-Pro ~ % lsof -i :5000

COMMAND     PID                  USER   FD   TYPE             DEVICE SIZE/OFF NODE NAME
ControlCe   632 nur   11u  IPv4  0xf8a87bcd262ec83      0t0  TCP *:commplex-main (LISTEN)
ControlCe   632 nur   12u  IPv6 0xc90012a37b5e2450      0t0  TCP *:commplex-main (LISTEN)
Python    19053 nur    3u  IPv4 0x1c488f2724b43140      0t0  TCP localhost:commplex-main (LISTEN)
nur@Nurs-MacBook-Pro ~ % curl http://localhost:8080
<!DOCTYPE html>
<html>
<head>
<title>Welcome to nginx!</title>
<style>
html { color-scheme: light dark; }
body { width: 35em; margin: 0 auto;
font-family: Tahoma, Verdana, Arial, sans-serif; }
</style>
</head>
<body>
<h1>Welcome to nginx!</h1>
<p>If you see this page, the nginx web server is successfully installed and
working. Further configuration is required.</p>

<p>For online documentation and support please refer to
<a href="http://nginx.org/">nginx.org</a>.<br/>
Commercial support is available at
<a href="http://nginx.com/">nginx.com</a>.</p>

<p><em>Thank you for using nginx.</em></p>
</body>
</html>
nur@Nurs-MacBook-Pro ~ % tail -f /opt/homebrew/etc/nginx/logs/error.log
tail: /opt/homebrew/etc/nginx/logs/error.log: No such file or directory
nur@Nurs-MacBook-Pro ~ % sudo nano /opt/homebrew/etc/nginx/nginx.conf
nur@Nurs-MacBook-Pro ~ % >....                            

    sendfile        on;
    #tcp_nopush     on;

    #keepalive_timeout  0;
    keepalive_timeout  65;

    #gzip  on;

    server {
        listen       8080;
        server_name  localhost;

        location / {
            proxy_pass http://localhost:5000;
            proxy_set_header Host $host;
            proxy_set_header X-Real-IP $remote_addr;
            proxy_set_header X-Forwarded-For $proxy_add_x_forwarded_for;
            proxy_set_header X-Forwarded-Proto $scheme;
        }
    }
}
EOF
nur@Nurs-MacBook-Pro ~ % sudo nginx -t

nginx: the configuration file /opt/homebrew/etc/nginx/nginx.conf syntax is ok
nginx: configuration file /opt/homebrew/etc/nginx/nginx.conf test is successful
nur@Nurs-MacBook-Pro ~ % sudo nginx -s reload
nur@Nurs-MacBook-Pro ~ % curl http://localhost:8080
nur@Nurs-MacBook-Pro ~ % curl http://localhost:8080

